<?xml version="1.0" encoding="UTF-8"?>
<testsuite name="UC-01: Tests d'inscription client" tests="5" skipped="0" failures="0" errors="0" timestamp="2025-09-28T19:36:47" hostname="MONICAD" time="0.169">
  <properties/>
  <testcase name="UC-01.5: Validation des données client" classname="brokerx.BrokerXApplicationTest$InscriptionClientTests" time="0.022"/>
  <testcase name="UC-01.2: Rejet d'inscription avec email déjà existant" classname="brokerx.BrokerXApplicationTest$InscriptionClientTests" time="0.042"/>
  <testcase name="UC-01.3: Rejet d'inscription avec téléphone déjà existant" classname="brokerx.BrokerXApplicationTest$InscriptionClientTests" time="0.033"/>
  <testcase name="UC-01.4: Vérification des méthodes utilitaires de Client" classname="brokerx.BrokerXApplicationTest$InscriptionClientTests" time="0.03"/>
  <testcase name="UC-01.1: Création d'un client avec données valides" classname="brokerx.BrokerXApplicationTest$InscriptionClientTests" time="0.024"/>
  <system-out><![CDATA[2025-09-28T15:36:47.795-04:00  INFO 10772 --- [    Test worker] t.c.s.AnnotationConfigContextLoaderUtils : Could not detect default configuration classes for test class [brokerx.BrokerXApplicationTest$InscriptionClientTests]: InscriptionClientTests does not declare any static, non-private, non-final, nested classes annotated with @Configuration.
2025-09-28T15:36:47.801-04:00  INFO 10772 --- [    Test worker] .b.t.c.SpringBootTestContextBootstrapper : Found @SpringBootConfiguration brokerx.BrokerXWebApplication for test class brokerx.BrokerXApplicationTest$InscriptionClientTests
=== EMAIL DE VERIFICATION ===
A: test@brokerx.com
Objet: BrokerX - Verifiez votre adresse email
---
Bonjour Jean,

Bienvenue sur BrokerX ! Pour finaliser votre inscription,
veuillez verifier votre adresse email en cliquant sur le lien ci-dessous :

LIEN: http://localhost:8080/verification-email?code=298719

Ou saisissez ce code de verification : 298719

Ce lien est valide pendant 24 heures.

Cordialement,
L'equipe BrokerX
=============================
=== SMS OTP ===
A: +15141234567
---
Bonjour Jean,

Votre code de verification BrokerX :
CODE: 3646

Ce code expire dans 10 minutes.
===============
Client cree avec succes - ID: 7
Code email: 298719
Code OTP: 3646
=== EMAIL DE VERIFICATION ===
A: test@brokerx.com
Objet: BrokerX - Verifiez votre adresse email
---
Bonjour Jean,

Bienvenue sur BrokerX ! Pour finaliser votre inscription,
veuillez verifier votre adresse email en cliquant sur le lien ci-dessous :

LIEN: http://localhost:8080/verification-email?code=809218

Ou saisissez ce code de verification : 809218

Ce lien est valide pendant 24 heures.

Cordialement,
L'equipe BrokerX
=============================
=== SMS OTP ===
A: +15141234567
---
Bonjour Jean,

Votre code de verification BrokerX :
CODE: 0854

Ce code expire dans 10 minutes.
===============
Client cree avec succes - ID: 8
Code email: 809218
Code OTP: 0854
=== EMAIL DE VERIFICATION ===
A: test@brokerx.com
Objet: BrokerX - Verifiez votre adresse email
---
Bonjour Jean,

Bienvenue sur BrokerX ! Pour finaliser votre inscription,
veuillez verifier votre adresse email en cliquant sur le lien ci-dessous :

LIEN: http://localhost:8080/verification-email?code=338972

Ou saisissez ce code de verification : 338972

Ce lien est valide pendant 24 heures.

Cordialement,
L'equipe BrokerX
=============================
=== SMS OTP ===
A: +15141234567
---
Bonjour Jean,

Votre code de verification BrokerX :
CODE: 6593

Ce code expire dans 10 minutes.
===============
Client cree avec succes - ID: 9
Code email: 338972
Code OTP: 6593
=== EMAIL DE VERIFICATION ===
A: test@brokerx.com
Objet: BrokerX - Verifiez votre adresse email
---
Bonjour Jean,

Bienvenue sur BrokerX ! Pour finaliser votre inscription,
veuillez verifier votre adresse email en cliquant sur le lien ci-dessous :

LIEN: http://localhost:8080/verification-email?code=473143

Ou saisissez ce code de verification : 473143

Ce lien est valide pendant 24 heures.

Cordialement,
L'equipe BrokerX
=============================
=== SMS OTP ===
A: +15141234567
---
Bonjour Jean,

Votre code de verification BrokerX :
CODE: 0012

Ce code expire dans 10 minutes.
===============
Client cree avec succes - ID: 10
Code email: 473143
Code OTP: 0012
]]></system-out>
  <system-err><![CDATA[]]></system-err>
</testsuite>
