<?xml version="1.0" encoding="UTF-8"?>
<testsuite name="UC-02: Tests d'authentification et MFA" tests="7" skipped="0" failures="0" errors="0" timestamp="2025-09-28T19:36:47" hostname="MONICAD" time="0.395">
  <properties/>
  <testcase name="UC-02.6: Vérification autorisation connexion" classname="brokerx.BrokerXApplicationTest$AuthentificationMfaTests" time="0.061"/>
  <testcase name="UC-02.7: Enregistrement tentative de connexion" classname="brokerx.BrokerXApplicationTest$AuthentificationMfaTests" time="0.059"/>
  <testcase name="UC-02.4: Activation MFA SMS" classname="brokerx.BrokerXApplicationTest$AuthentificationMfaTests" time="0.045"/>
  <testcase name="UC-02.3: Configuration MFA pour un client" classname="brokerx.BrokerXApplicationTest$AuthentificationMfaTests" time="0.044"/>
  <testcase name="UC-02.1: Recherche client par email" classname="brokerx.BrokerXApplicationTest$AuthentificationMfaTests" time="0.036"/>
  <testcase name="UC-02.2: Vérification existence email et téléphone" classname="brokerx.BrokerXApplicationTest$AuthentificationMfaTests" time="0.04"/>
  <testcase name="UC-02.5: Génération et validation code SMS OTP" classname="brokerx.BrokerXApplicationTest$AuthentificationMfaTests" time="0.078"/>
  <system-out><![CDATA[2025-09-28T15:36:47.343-04:00  INFO 10772 --- [    Test worker] t.c.s.AnnotationConfigContextLoaderUtils : Could not detect default configuration classes for test class [brokerx.BrokerXApplicationTest$AuthentificationMfaTests]: AuthentificationMfaTests does not declare any static, non-private, non-final, nested classes annotated with @Configuration.
2025-09-28T15:36:47.359-04:00  INFO 10772 --- [    Test worker] .b.t.c.SpringBootTestContextBootstrapper : Found @SpringBootConfiguration brokerx.BrokerXWebApplication for test class brokerx.BrokerXApplicationTest$AuthentificationMfaTests
UC-02 Step 2 - Verification securite pour IP: 192.168.1.100 | Email: test@brokerx.com
SECURITE - Connexion autorisee pour IP: 192.168.1.100 | Email: test@brokerx.com
AUDIT - Tentative REUSSIE enregistree: IP=192.168.1.100 | Email=test@brokerx.com | Raison=Connexion réussie
AUDIT - Tentative ECHOUEE enregistree: IP=192.168.1.100 | Email=test@brokerx.com | Raison=Mot de passe incorrect
=== EMAIL DE VERIFICATION ===
A: test@brokerx.com
Objet: BrokerX - Verifiez votre adresse email
---
Bonjour Jean,

Bienvenue sur BrokerX ! Pour finaliser votre inscription,
veuillez verifier votre adresse email en cliquant sur le lien ci-dessous :

LIEN: http://localhost:8080/verification-email?code=913957

Ou saisissez ce code de verification : 913957

Ce lien est valide pendant 24 heures.

Cordialement,
L'equipe BrokerX
=============================
=== SMS OTP ===
A: +15141234567
---
Bonjour Jean,

Votre code de verification BrokerX :
CODE: 0359

Ce code expire dans 10 minutes.
===============
Client cree avec succes - ID: 2
Code email: 913957
Code OTP: 0359
=== EMAIL DE VERIFICATION ===
A: test@brokerx.com
Objet: BrokerX - Verifiez votre adresse email
---
Bonjour Jean,

Bienvenue sur BrokerX ! Pour finaliser votre inscription,
veuillez verifier votre adresse email en cliquant sur le lien ci-dessous :

LIEN: http://localhost:8080/verification-email?code=230732

Ou saisissez ce code de verification : 230732

Ce lien est valide pendant 24 heures.

Cordialement,
L'equipe BrokerX
=============================
=== SMS OTP ===
A: +15141234567
---
Bonjour Jean,

Votre code de verification BrokerX :
CODE: 2739

Ce code expire dans 10 minutes.
===============
Client cree avec succes - ID: 3
Code email: 230732
Code OTP: 2739
=== EMAIL DE VERIFICATION ===
A: test@brokerx.com
Objet: BrokerX - Verifiez votre adresse email
---
Bonjour Jean,

Bienvenue sur BrokerX ! Pour finaliser votre inscription,
veuillez verifier votre adresse email en cliquant sur le lien ci-dessous :

LIEN: http://localhost:8080/verification-email?code=455531

Ou saisissez ce code de verification : 455531

Ce lien est valide pendant 24 heures.

Cordialement,
L'equipe BrokerX
=============================
=== SMS OTP ===
A: +15141234567
---
Bonjour Jean,

Votre code de verification BrokerX :
CODE: 7002

Ce code expire dans 10 minutes.
===============
Client cree avec succes - ID: 4
Code email: 455531
Code OTP: 7002
=== EMAIL DE VERIFICATION ===
A: test@brokerx.com
Objet: BrokerX - Verifiez votre adresse email
---
Bonjour Jean,

Bienvenue sur BrokerX ! Pour finaliser votre inscription,
veuillez verifier votre adresse email en cliquant sur le lien ci-dessous :

LIEN: http://localhost:8080/verification-email?code=251488

Ou saisissez ce code de verification : 251488

Ce lien est valide pendant 24 heures.

Cordialement,
L'equipe BrokerX
=============================
=== SMS OTP ===
A: +15141234567
---
Bonjour Jean,

Votre code de verification BrokerX :
CODE: 9004

Ce code expire dans 10 minutes.
===============
Client cree avec succes - ID: 5
Code email: 251488
Code OTP: 9004
=== EMAIL DE VERIFICATION ===
A: test@brokerx.com
Objet: BrokerX - Verifiez votre adresse email
---
Bonjour Jean,

Bienvenue sur BrokerX ! Pour finaliser votre inscription,
veuillez verifier votre adresse email en cliquant sur le lien ci-dessous :

LIEN: http://localhost:8080/verification-email?code=743516

Ou saisissez ce code de verification : 743516

Ce lien est valide pendant 24 heures.

Cordialement,
L'equipe BrokerX
=============================
=== SMS OTP ===
A: +15141234567
---
Bonjour Jean,

Votre code de verification BrokerX :
CODE: 7138

Ce code expire dans 10 minutes.
===============
Client cree avec succes - ID: 6
Code email: 743516
Code OTP: 7138
=== SMS MFA OTP ===
A: 5141234567
---
BrokerX - Code de verification:
CODE: 020808
Ce code expire dans 10 minutes.
===================
UC-02 Step 3 - Code SMS genere pour: test@brokerx.com
UC-02 Step 3 - Code SMS valide pour: test@brokerx.com
UC-02 Step 3 - Code SMS invalide ou expire pour: test@brokerx.com
]]></system-out>
  <system-err><![CDATA[]]></system-err>
</testsuite>
